0 info it worked if it ends with ok
1 verbose cli [ '/usr/bin/node', '/usr/bin/npm', 'run', 'dev' ]
2 info using npm@3.5.2
3 info using node@v8.10.0
4 verbose run-script [ 'predev', 'dev', 'postdev' ]
5 info lifecycle gjDrivingHome@0.0.1~predev: gjDrivingHome@0.0.1
6 silly lifecycle gjDrivingHome@0.0.1~predev: no script for predev, continuing
7 info lifecycle gjDrivingHome@0.0.1~dev: gjDrivingHome@0.0.1
8 verbose lifecycle gjDrivingHome@0.0.1~dev: unsafe-perm in lifecycle true
9 verbose lifecycle gjDrivingHome@0.0.1~dev: PATH: /usr/share/npm/bin/node-gyp-bin:/home/lukas/IdeaProjects/gj_Japanese_Manor/app/node_modules/.bin:/home/lukas/IdeaProjects/gj_Japanese_Manor/node_modules/.bin:/usr/local/sbin:/usr/local/bin:/usr/sbin:/usr/bin:/sbin:/bin:/usr/games:/usr/local/games:/snap/bin:/home/lukas/.dotnet/tools
10 verbose lifecycle gjDrivingHome@0.0.1~dev: CWD: /home/lukas/IdeaProjects/gj_Japanese_Manor/app
11 silly lifecycle gjDrivingHome@0.0.1~dev: Args: [ '-c',
11 silly lifecycle   'webpack --mode development && webpack-dev-server --mode development' ]
12 silly lifecycle gjDrivingHome@0.0.1~dev: Returned: code: 2  signal: null
13 info lifecycle gjDrivingHome@0.0.1~dev: Failed to exec dev script
14 verbose stack Error: gjDrivingHome@0.0.1 dev: `webpack --mode development && webpack-dev-server --mode development`
14 verbose stack Exit status 2
14 verbose stack     at EventEmitter.<anonymous> (/usr/share/npm/lib/utils/lifecycle.js:232:16)
14 verbose stack     at emitTwo (events.js:126:13)
14 verbose stack     at EventEmitter.emit (events.js:214:7)
14 verbose stack     at ChildProcess.<anonymous> (/usr/share/npm/lib/utils/spawn.js:24:14)
14 verbose stack     at emitTwo (events.js:126:13)
14 verbose stack     at ChildProcess.emit (events.js:214:7)
14 verbose stack     at maybeClose (internal/child_process.js:925:16)
14 verbose stack     at Process.ChildProcess._handle.onexit (internal/child_process.js:209:5)
15 verbose pkgid gjDrivingHome@0.0.1
16 verbose cwd /home/lukas/IdeaProjects/gj_Japanese_Manor/app
17 error Linux 4.15.0-72-generic
18 error argv "/usr/bin/node" "/usr/bin/npm" "run" "dev"
19 error node v8.10.0
20 error npm  v3.5.2
21 error code ELIFECYCLE
22 error gjDrivingHome@0.0.1 dev: `webpack --mode development && webpack-dev-server --mode development`
22 error Exit status 2
23 error Failed at the gjDrivingHome@0.0.1 dev script 'webpack --mode development && webpack-dev-server --mode development'.
23 error Make sure you have the latest version of node.js and npm installed.
23 error If you do, this is most likely a problem with the gjDrivingHome package,
23 error not with npm itself.
23 error Tell the author that this fails on your system:
23 error     webpack --mode development && webpack-dev-server --mode development
23 error You can get information on how to open an issue for this project with:
23 error     npm bugs gjDrivingHome
23 error Or if that isn't available, you can get their info via:
23 error     npm owner ls gjDrivingHome
23 error There is likely additional logging output above.
24 verbose exit [ 1, true ]
